This is pdfTeX, Version 3.141592653-2.6-1.40.22 (TeX Live 2022/dev/Debian) (preloaded format=pdflatex 2023.9.29)  15 NOV 2023 20:39
entering extended mode
 restricted \write18 enabled.
 file:line:error style messages enabled.
 %&-line parsing enabled.
**Diplomarbeit_Michael_Graber.tex
(./Diplomarbeit_Michael_Graber.tex
LaTeX2e <2021-11-15> patch level 1
L3 programming layer <2022-01-21> (./ksgr_styles.cls
(/usr/share/texlive/texmf-dist/tex/latex/parskip/parskip.sty
Package: parskip 2021-03-14 v2.0h non-zero parskip adjustments

(/usr/share/texlive/texmf-dist/tex/latex/kvoptions/kvoptions.sty
Package: kvoptions 2020-10-07 v3.14 Key value format for package options (HO)

(/usr/share/texlive/texmf-dist/tex/latex/graphics/keyval.sty
Package: keyval 2014/10/28 v1.15 key=value parser (DPC)
\KV@toks@=\toks16
)
(/usr/share/texlive/texmf-dist/tex/generic/ltxcmds/ltxcmds.sty
Package: ltxcmds 2020-05-10 v1.25 LaTeX kernel commands for general use (HO)
)
(/usr/share/texlive/texmf-dist/tex/generic/kvsetkeys/kvsetkeys.sty
Package: kvsetkeys 2019/12/15 v1.18 Key value parser (HO)
))
(/usr/share/texlive/texmf-dist/tex/latex/etoolbox/etoolbox.sty
Package: etoolbox 2020/10/05 v2.5k e-TeX tools for LaTeX (JAW)
\etb@tempcnta=\count185
))
(/usr/share/texlive/texmf-dist/tex/latex/fancyhdr/fancyhdr.sty
Package: fancyhdr 2021/01/28 v4.0.1 Extensive control of page headers and foote
rs
\f@nch@headwidth=\skip47
\f@nch@O@elh=\skip48
\f@nch@O@erh=\skip49
\f@nch@O@olh=\skip50
\f@nch@O@orh=\skip51
\f@nch@O@elf=\skip52
\f@nch@O@erf=\skip53
\f@nch@O@olf=\skip54
\f@nch@O@orf=\skip55
)

LaTeX Warning: You have requested document class `ksgr_styles',
               but the document class provides `book'.

Document Class: book 2023/11/08 v0.1 Klasse fuer Michael Graber ibw Diplomarbei
t Disposition
(/usr/share/texlive/texmf-dist/tex/latex/koma-script/scrreprt.cls
Document Class: scrreprt 2021/11/13 v3.35 KOMA-Script document class (report)
(/usr/share/texlive/texmf-dist/tex/latex/koma-script/scrkbase.sty
Package: scrkbase 2021/11/13 v3.35 KOMA-Script package (KOMA-Script-dependent b
asics and keyval usage)

(/usr/share/texlive/texmf-dist/tex/latex/koma-script/scrbase.sty
Package: scrbase 2021/11/13 v3.35 KOMA-Script package (KOMA-Script-independent 
basics and keyval usage)

(/usr/share/texlive/texmf-dist/tex/latex/koma-script/scrlfile.sty
Package: scrlfile 2021/11/13 v3.35 KOMA-Script package (file load hooks)

(/usr/share/texlive/texmf-dist/tex/latex/koma-script/scrlfile-hook.sty
Package: scrlfile-hook 2021/11/13 v3.35 KOMA-Script package (using LaTeX hooks)


(/usr/share/texlive/texmf-dist/tex/latex/koma-script/scrlogo.sty
Package: scrlogo 2021/11/13 v3.35 KOMA-Script package (logo)
)))
Applying: [2021/05/01] Usage of raw or classic option list on input line 252.
Already applied: [0000/00/00] Usage of raw or classic option list on input line
 368.
))
(/usr/share/texlive/texmf-dist/tex/latex/koma-script/tocbasic.sty
Package: tocbasic 2021/11/13 v3.35 KOMA-Script package (handling toc-files)
\scr@dte@tocline@numberwidth=\skip56
\scr@dte@tocline@numbox=\box50
)
Package tocbasic Info: babel extension for `toc' omitted
(tocbasic)             because of missing \bbl@set@language on input line 137.
Package scrreprt Info: You've used standard option `11pt'.
(scrreprt)             This is correct!
(scrreprt)             Internally I'm using `fontsize=11pt'.
(scrreprt)             If you'd like to set the option with \KOMAoptions,
(scrreprt)             you'd have to use `fontsize=11pt' there
(scrreprt)             instead of `11pt', too.
Class scrreprt Info: File `scrsize11pt.clo' used to setup font sizes on input l
ine 2487.

(/usr/share/texlive/texmf-dist/tex/latex/koma-script/scrsize11pt.clo
File: scrsize11pt.clo 2021/11/13 v3.35 KOMA-Script font size class option (11pt
)
)
(/usr/share/texlive/texmf-dist/tex/latex/koma-script/typearea.sty
Package: typearea 2021/11/13 v3.35 KOMA-Script package (type area)
\ta@bcor=\skip57
\ta@div=\count186
\ta@hblk=\skip58
\ta@vblk=\skip59
\ta@temp=\skip60
\footheight=\skip61
Package typearea Info: These are the values describing the layout:
(typearea)             DIV  = 10
(typearea)             BCOR = 0.0pt
(typearea)             \paperwidth      = 597.50793pt
(typearea)              \textwidth      = 418.25555pt
(typearea)              DIV departure   = -6%
(typearea)              \evensidemargin = 17.3562pt
(typearea)              \oddsidemargin  = 17.3562pt
(typearea)             \paperheight     = 845.04694pt
(typearea)              \textheight     = 595.80026pt
(typearea)              \topmargin      = -25.16531pt
(typearea)              \headheight     = 17.0pt
(typearea)              \headsep        = 20.40001pt
(typearea)              \topskip        = 11.0pt
(typearea)              \footskip       = 47.6pt
(typearea)              \baselineskip   = 13.6pt
(typearea)              on input line 1743.
)

Class scrreprt Warning: `\@startsection' has been changed.
(scrreprt)              scrreprt needs it's own definition of `\@startsection'
(scrreprt)              to provide extended features for the optional argument
(scrreprt)              of `\section' etc.
(scrreprt)              Generally it defines `\@startsection' completely new
(scrreprt)              to achieve this. Because of the unexpected definition
(scrreprt)              an alternative approach will be used.
(scrreprt)              If this fails and if there isn't a new release of
(scrreprt)              KOMA-Script that fixes the problem, please
(scrreprt)              send a report to the KOMA-Script author.
(scrreprt)              Note, that this alternative approach does not
(scrreprt)              execute the elements of do-hooks:
(scrreprt)                - `heading/postinit',
(scrreprt)                - `heading/branch/star',
(scrreprt)                - `heading/branch/nostar',
(scrreprt)              and does always use `runin=bysign' and
(scrreprt)              `afterindent=bysign'.


Class scrreprt Warning: Unexpected definition of \@xsect!
(scrreprt)              Please send information about this to
(scrreprt)              the KOMA-Script maintainer!
(scrreprt)              Maybe LaTeX will be broken by the redefinition
(scrreprt)              of \@xsect on input line 3862.

\c@part=\count187
\c@chapter=\count188
\c@section=\count189
\c@subsection=\count190
\c@subsubsection=\count191
\c@paragraph=\count192
\c@subparagraph=\count193
\scr@dte@chapter@maxnumwidth=\skip62
Class scrreprt Info: using compatibility default `afterindent=bysign'
(scrreprt)           for `\chapter on input line 5717.
\scr@dte@section@maxnumwidth=\skip63
Class scrreprt Info: using compatibility default `runin=bysign'
(scrreprt)           for `\section on input line 5728.
Class scrreprt Info: using compatibility default `afterindent=bysign'
(scrreprt)           for `\section on input line 5728.
\scr@dte@part@maxnumwidth=\skip64
Class scrreprt Info: using compatibility default `afterindent=true'
(scrreprt)           for `\part on input line 5737.
\scr@dte@subsection@maxnumwidth=\skip65
Class scrreprt Info: using compatibility default `runin=bysign'
(scrreprt)           for `\subsection on input line 5747.
Class scrreprt Info: using compatibility default `afterindent=bysign'
(scrreprt)           for `\subsection on input line 5747.
\scr@dte@subsubsection@maxnumwidth=\skip66
Class scrreprt Info: using compatibility default `runin=bysign'
(scrreprt)           for `\subsubsection on input line 5757.
Class scrreprt Info: using compatibility default `afterindent=bysign'
(scrreprt)           for `\subsubsection on input line 5757.
\scr@dte@paragraph@maxnumwidth=\skip67
Class scrreprt Info: using compatibility default `runin=bysign'
(scrreprt)           for `\paragraph on input line 5768.
Class scrreprt Info: using compatibility default `afterindent=bysign'
(scrreprt)           for `\paragraph on input line 5768.
\scr@dte@subparagraph@maxnumwidth=\skip68
Class scrreprt Info: using compatibility default `runin=bysign'
(scrreprt)           for `\subparagraph on input line 5778.
Class scrreprt Info: using compatibility default `afterindent=bysign'
(scrreprt)           for `\subparagraph on input line 5778.
\abovecaptionskip=\skip69
\belowcaptionskip=\skip70
\c@pti@nb@sid@b@x=\box51
Package tocbasic Info: babel extension for `lof' omitted
(tocbasic)             because of missing \bbl@set@language on input line 6958.

\scr@dte@figure@maxnumwidth=\skip71
\c@figure=\count194
Package tocbasic Info: babel extension for `lot' omitted
(tocbasic)             because of missing \bbl@set@language on input line 6974.

\scr@dte@table@maxnumwidth=\skip72
\c@table=\count195
Class scrreprt Info: Redefining `\numberline' on input line 7142.
\bibindent=\dimen138
) (/usr/share/texlive/texmf-dist/tex/latex/base/fontenc.sty
Package: fontenc 2021/04/29 v2.0v Standard LaTeX package
)
(/usr/share/texlive/texmf-dist/tex/latex/graphics/graphicx.sty
Package: graphicx 2021/09/16 v1.2d Enhanced LaTeX Graphics (DPC,SPQR)

(/usr/share/texlive/texmf-dist/tex/latex/graphics/graphics.sty
Package: graphics 2021/03/04 v1.4d Standard LaTeX Graphics (DPC,SPQR)

(/usr/share/texlive/texmf-dist/tex/latex/graphics/trig.sty
Package: trig 2021/08/11 v1.11 sin cos tan (DPC)
)
(/usr/share/texlive/texmf-dist/tex/latex/graphics-cfg/graphics.cfg
File: graphics.cfg 2016/06/04 v1.11 sample graphics configuration
)
Package graphics Info: Driver file: pdftex.def on input line 107.

(/usr/share/texlive/texmf-dist/tex/latex/graphics-def/pdftex.def
File: pdftex.def 2020/10/05 v1.2a Graphics/color driver for pdftex
))
\Gin@req@height=\dimen139
\Gin@req@width=\dimen140
)
(/usr/share/texlive/texmf-dist/tex/latex/varwidth/varwidth.sty
Package: varwidth 2009/03/30 ver 0.92;  Variable-width minipages
\@vwid@box=\box52
\sift@deathcycles=\count196
\@vwid@loff=\dimen141
\@vwid@roff=\dimen142
)
(/usr/share/texlive/texmf-dist/tex/latex/setspace/setspace.sty
Package: setspace 2011/12/19 v6.7a set line spacing
)
(/usr/share/texlive/texmf-dist/tex/latex/geometry/geometry.sty
Package: geometry 2020/01/02 v5.9 Page Geometry

(/usr/share/texlive/texmf-dist/tex/generic/iftex/ifvtex.sty
Package: ifvtex 2019/10/25 v1.7 ifvtex legacy package. Use iftex instead.

(/usr/share/texlive/texmf-dist/tex/generic/iftex/iftex.sty
Package: iftex 2020/03/06 v1.0d TeX engine tests
))
\Gm@cnth=\count197
\Gm@cntv=\count198
\c@Gm@tempcnt=\count199
\Gm@bindingoffset=\dimen143
\Gm@wd@mp=\dimen144
\Gm@odd@mp=\dimen145
\Gm@even@mp=\dimen146
\Gm@layoutwidth=\dimen147
\Gm@layoutheight=\dimen148
\Gm@layouthoffset=\dimen149
\Gm@layoutvoffset=\dimen150
\Gm@dimlist=\toks17
)
(/usr/share/texlive/texmf-dist/tex/latex/psnfss/helvet.sty
Package: helvet 2020/03/25 PSNFSS-v9.3 (WaS) 
)
(/usr/share/texlive/texmf-dist/tex/generic/babel/babel.sty
Package: babel 2022/01/26 3.70 The Babel package
\babel@savecnt=\count266
\U@D=\dimen151
\l@unhyphenated=\language87

(/usr/share/texlive/texmf-dist/tex/generic/babel/txtbabel.def)
\bbl@readstream=\read2
\bbl@dirlevel=\count267

(/usr/share/texlive/texmf-dist/tex/generic/babel-english/english.ldf
Language: english 2017/06/06 v3.3r English support from the babel system
Package babel Info: Hyphen rules for 'canadian' set to \l@english
(babel)             (\language0). Reported on input line 102.
Package babel Info: Hyphen rules for 'australian' set to \l@ukenglish
(babel)             (\language4). Reported on input line 105.
Package babel Info: Hyphen rules for 'newzealand' set to \l@ukenglish
(babel)             (\language4). Reported on input line 108.
)
(/usr/share/texlive/texmf-dist/tex/generic/babel-german/ngerman.ldf
Language: ngerman 2021/02/27 v2.13 German support for babel (post-1996 orthogra
phy)

(/usr/share/texlive/texmf-dist/tex/generic/babel-german/ngermanb.ldf
Language: ngermanb 2021/02/27 v2.13 German support for babel (post-1996 orthogr
aphy)
Package babel Info: Making " an active character on input line 122.
)))
(/usr/share/texlive/texmf-dist/tex/latex/tools/layout.sty
Package: layout 2021-03-10 v1.2e Show layout parameters
\oneinch=\count268
\cnt@paperwidth=\count269
\cnt@paperheight=\count270
\cnt@hoffset=\count271
\cnt@voffset=\count272
\cnt@textheight=\count273
\cnt@textwidth=\count274
\cnt@topmargin=\count275
\cnt@oddsidemargin=\count276
\cnt@evensidemargin=\count277
\cnt@headheight=\count278
\cnt@headsep=\count279
\cnt@marginparsep=\count280
\cnt@marginparwidth=\count281
\cnt@marginparpush=\count282
\cnt@footskip=\count283
\fheight=\count284
\ref@top=\count285
\ref@hoffset=\count286
\ref@voffset=\count287
\ref@head=\count288
\ref@body=\count289
\ref@foot=\count290
\ref@margin=\count291
\ref@marginwidth=\count292
\ref@marginpar=\count293
\Interval=\count294
\ExtraYPos=\count295
\PositionX=\count296
\PositionY=\count297
\ArrowLength=\count298
))
(/usr/share/texlive/texmf-dist/tex/latex/base/inputenc.sty
Package: inputenc 2021/02/14 v1.3d Input encoding file
\inpenc@prehook=\toks18
\inpenc@posthook=\toks19
)
(/usr/share/texlive/texmf-dist/tex/latex/float/float.sty
Package: float 2001/11/08 v1.3d Float enhancements (AL)
\c@float@type=\count299
\float@exts=\toks20
\float@box=\box53
\@float@everytoks=\toks21
\@floatcapt=\box54
)
(/usr/share/texlive/texmf-dist/tex/latex/tools/longtable.sty
Package: longtable 2021-09-01 v4.17 Multi-page Table package (DPC)
\LTleft=\skip73
\LTright=\skip74
\LTpre=\skip75
\LTpost=\skip76
\LTchunksize=\count300
\LTcapwidth=\dimen152
\LT@head=\box55
\LT@firsthead=\box56
\LT@foot=\box57
\LT@lastfoot=\box58
\LT@gbox=\box59
\LT@cols=\count301
\LT@rows=\count302
\c@LT@tables=\count303
\c@LT@chunks=\count304
\LT@p@ftn=\toks22
)
Class scrreprt Info: longtable captions redefined on input line 8.

(/usr/share/texlive/texmf-dist/tex/latex/tools/multicol.sty
Package: multicol 2021/10/28 v1.9b multicolumn formatting (FMi)
\c@tracingmulticols=\count305
\mult@box=\box60
\multicol@leftmargin=\dimen153
\c@unbalance=\count306
\c@collectmore=\count307
\doublecol@number=\count308
\multicoltolerance=\count309
\multicolpretolerance=\count310
\full@width=\dimen154
\page@free=\dimen155
\premulticols=\dimen156
\postmulticols=\dimen157
\multicolsep=\skip77
\multicolbaselineskip=\skip78
\partial@page=\box61
\last@line=\box62
\maxbalancingoverflow=\dimen158
\mult@rightbox=\box63
\mult@grightbox=\box64
\mult@firstbox=\box65
\mult@gfirstbox=\box66
\@tempa=\box67
\@tempa=\box68
\@tempa=\box69
\@tempa=\box70
\@tempa=\box71
\@tempa=\box72
\@tempa=\box73
\@tempa=\box74
\@tempa=\box75
\@tempa=\box76
\@tempa=\box77
\@tempa=\box78
\@tempa=\box79
\@tempa=\box80
\@tempa=\box81
\@tempa=\box82
\@tempa=\box83
\@tempa=\box84
\@tempa=\box85
\@tempa=\box86
\@tempa=\box87
\@tempa=\box88
\@tempa=\box89
\@tempa=\box90
\@tempa=\box91
\@tempa=\box92
\@tempa=\box93
\@tempa=\box94
\@tempa=\box95
\@tempa=\box96
\@tempa=\box97
\@tempa=\box98
\@tempa=\box99
\@tempa=\box100
\@tempa=\box101
\@tempa=\box102
\c@minrows=\count311
\c@columnbadness=\count312
\c@finalcolumnbadness=\count313
\last@try=\dimen159
\multicolovershoot=\dimen160
\multicolundershoot=\dimen161
\mult@nat@firstbox=\box103
\colbreak@box=\box104
\mc@col@check@num=\count314
)
(/usr/share/texlive/texmf-dist/tex/latex/paracol/paracol.sty
Package: paracol 2018/12/31 v1.35 
\pcol@currcol=\count315
\pcol@nextcol=\count316
\pcol@ncol=\count317
\pcol@ncolleft=\count318
\pcol@page=\count319
\pcol@basepage=\count320
\pcol@toppage=\count321
\pcol@footnotebase=\count322
\pcol@nfootnotes=\count323
\pcol@mcid=\count324
\pcol@prevdepth=\dimen162
\pcol@colht=\dimen163
\pcol@textfloatsep=\dimen164
\pcol@lrmargin=\dimen165
\pagerim=\dimen166
\pcol@topskip=\skip79
\belowfootnoteskip=\skip80
\pcol@topfnotes=\box105
\pcol@prespan=\box106
\pcol@rightpage=\box107
\pcol@colorstack@saved=\box108
\pcol@tempboxa=\box109
\pcol@tempboxb=\box110
\pcol@colorins=\insert252
\pcol@everyvbox=\toks23
)
(/usr/share/texlive/texmf-dist/tex/latex/hyperref/hyperref.sty
Package: hyperref 2021-06-07 v7.00m Hypertext links for LaTeX

(/usr/share/texlive/texmf-dist/tex/generic/pdftexcmds/pdftexcmds.sty
Package: pdftexcmds 2020-06-27 v0.33 Utility functions of pdfTeX for LuaTeX (HO
)

(/usr/share/texlive/texmf-dist/tex/generic/infwarerr/infwarerr.sty
Package: infwarerr 2019/12/03 v1.5 Providing info/warning/error messages (HO)
)
Package pdftexcmds Info: \pdf@primitive is available.
Package pdftexcmds Info: \pdf@ifprimitive is available.
Package pdftexcmds Info: \pdfdraftmode found.
)
(/usr/share/texlive/texmf-dist/tex/generic/kvdefinekeys/kvdefinekeys.sty
Package: kvdefinekeys 2019-12-19 v1.6 Define keys (HO)
)
(/usr/share/texlive/texmf-dist/tex/generic/pdfescape/pdfescape.sty
Package: pdfescape 2019/12/09 v1.15 Implements pdfTeX's escape features (HO)
)
(/usr/share/texlive/texmf-dist/tex/latex/hycolor/hycolor.sty
Package: hycolor 2020-01-27 v1.10 Color options for hyperref/bookmark (HO)
)
(/usr/share/texlive/texmf-dist/tex/latex/letltxmacro/letltxmacro.sty
Package: letltxmacro 2019/12/03 v1.6 Let assignment for LaTeX macros (HO)
)
(/usr/share/texlive/texmf-dist/tex/latex/auxhook/auxhook.sty
Package: auxhook 2019-12-17 v1.6 Hooks for auxiliary files (HO)
)
\@linkdim=\dimen167
\Hy@linkcounter=\count325
\Hy@pagecounter=\count326

(/usr/share/texlive/texmf-dist/tex/latex/hyperref/pd1enc.def
File: pd1enc.def 2021-06-07 v7.00m Hyperref: PDFDocEncoding definition (HO)
Now handling font encoding PD1 ...
... no UTF-8 mapping file for font encoding PD1
)
(/usr/share/texlive/texmf-dist/tex/latex/hyperref/hyperref-langpatches.def
File: hyperref-langpatches.def 2021-06-07 v7.00m Hyperref: patches for babel la
nguages
)
(/usr/share/texlive/texmf-dist/tex/generic/intcalc/intcalc.sty
Package: intcalc 2019/12/15 v1.3 Expandable calculations with integers (HO)
)
(/usr/share/texlive/texmf-dist/tex/generic/etexcmds/etexcmds.sty
Package: etexcmds 2019/12/15 v1.7 Avoid name clashes with e-TeX commands (HO)
)
\Hy@SavedSpaceFactor=\count327

(/usr/share/texlive/texmf-dist/tex/latex/hyperref/puenc.def
File: puenc.def 2021-06-07 v7.00m Hyperref: PDF Unicode definition (HO)
Now handling font encoding PU ...
... no UTF-8 mapping file for font encoding PU
)
Package hyperref Info: Hyper figures OFF on input line 4192.
Package hyperref Info: Link nesting OFF on input line 4197.
Package hyperref Info: Hyper index ON on input line 4200.
Package hyperref Info: Plain pages OFF on input line 4207.
Package hyperref Info: Backreferencing OFF on input line 4212.
Package hyperref Info: Implicit mode ON; LaTeX internals redefined.
Package hyperref Info: Bookmarks ON on input line 4445.
\c@Hy@tempcnt=\count328

(/usr/share/texlive/texmf-dist/tex/latex/url/url.sty
\Urlmuskip=\muskip16
Package: url 2013/09/16  ver 3.4  Verb mode for urls, etc.
)
LaTeX Info: Redefining \url on input line 4804.
\XeTeXLinkMargin=\dimen168

(/usr/share/texlive/texmf-dist/tex/generic/bitset/bitset.sty
Package: bitset 2019/12/09 v1.3 Handle bit-vector datatype (HO)

(/usr/share/texlive/texmf-dist/tex/generic/bigintcalc/bigintcalc.sty
Package: bigintcalc 2019/12/15 v1.5 Expandable calculations on big integers (HO
)
))
\Fld@menulength=\count329
\Field@Width=\dimen169
\Fld@charsize=\dimen170
Package hyperref Info: Hyper figures OFF on input line 6076.
Package hyperref Info: Link nesting OFF on input line 6081.
Package hyperref Info: Hyper index ON on input line 6084.
Package hyperref Info: backreferencing OFF on input line 6091.
Package hyperref Info: Link coloring OFF on input line 6096.
Package hyperref Info: Link coloring with OCG OFF on input line 6101.
Package hyperref Info: PDF/A mode OFF on input line 6106.
LaTeX Info: Redefining \ref on input line 6146.
LaTeX Info: Redefining \pageref on input line 6150.

(/usr/share/texlive/texmf-dist/tex/latex/base/atbegshi-ltx.sty
Package: atbegshi-ltx 2021/01/10 v1.0c Emulation of the original atbegshi
package with kernel methods
)
\Hy@abspage=\count330
\c@Item=\count331
\c@Hfootnote=\count332
)
Package hyperref Info: Driver (autodetected): hpdftex.

(/usr/share/texlive/texmf-dist/tex/latex/hyperref/hpdftex.def
File: hpdftex.def 2021-06-07 v7.00m Hyperref driver for pdfTeX

(/usr/share/texlive/texmf-dist/tex/latex/base/atveryend-ltx.sty
Package: atveryend-ltx 2020/08/19 v1.0a Emulation of the original atveryend pac
kage
with kernel methods
)
\Fld@listcount=\count333
\c@bookmark@seq@number=\count334

(/usr/share/texlive/texmf-dist/tex/latex/rerunfilecheck/rerunfilecheck.sty
Package: rerunfilecheck 2019/12/05 v1.9 Rerun checks for auxiliary files (HO)

(/usr/share/texlive/texmf-dist/tex/generic/uniquecounter/uniquecounter.sty
Package: uniquecounter 2019/12/15 v1.4 Provide unlimited unique counter (HO)
)
Package uniquecounter Info: New unique counter `rerunfilecheck' on input line 2
86.
)
\Hy@SectionHShift=\skip81
)
(/usr/share/texlive/texmf-dist/tex/latex/booktabs/booktabs.sty
Package: booktabs 2020/01/12 v1.61803398 Publication quality tables
\heavyrulewidth=\dimen171
\lightrulewidth=\dimen172
\cmidrulewidth=\dimen173
\belowrulesep=\dimen174
\belowbottomsep=\dimen175
\aboverulesep=\dimen176
\abovetopsep=\dimen177
\cmidrulesep=\dimen178
\cmidrulekern=\dimen179
\defaultaddspace=\dimen180
\@cmidla=\count335
\@cmidlb=\count336
\@aboverulesep=\dimen181
\@belowrulesep=\dimen182
\@thisruleclass=\count337
\@lastruleclass=\count338
\@thisrulewidth=\dimen183
)
(/usr/share/texlive/texmf-dist/tex/latex/multirow/multirow.sty
Package: multirow 2021/03/15 v2.8 Span multiple rows of a table
\multirow@colwidth=\skip82
\multirow@cntb=\count339
\multirow@dima=\skip83
\bigstrutjot=\dimen184
)
(/usr/share/texlive/texmf-dist/tex/latex/xcolor/xcolor.sty
Package: xcolor 2021/10/31 v2.13 LaTeX color extensions (UK)

(/usr/share/texlive/texmf-dist/tex/latex/graphics-cfg/color.cfg
File: color.cfg 2016/01/02 v1.6 sample color configuration
)
Package xcolor Info: Driver file: pdftex.def on input line 227.

(/usr/share/texlive/texmf-dist/tex/latex/colortbl/colortbl.sty
Package: colortbl 2020/01/04 v1.0e Color table columns (DPC)

(/usr/share/texlive/texmf-dist/tex/latex/tools/array.sty
Package: array 2021/10/04 v2.5f Tabular extension package (FMi)
\col@sep=\dimen185
\ar@mcellbox=\box111
\extrarowheight=\dimen186
\NC@list=\toks24
\extratabsurround=\skip84
\backup@length=\skip85
\ar@cellbox=\box112
)
\everycr=\toks25
\minrowclearance=\skip86
)
\rownum=\count340
Package xcolor Info: Model `cmy' substituted by `cmy0' on input line 1352.
Package xcolor Info: Model `hsb' substituted by `rgb' on input line 1356.
Package xcolor Info: Model `RGB' extended on input line 1368.
Package xcolor Info: Model `HTML' substituted by `rgb' on input line 1370.
Package xcolor Info: Model `Hsb' substituted by `hsb' on input line 1371.
Package xcolor Info: Model `tHsb' substituted by `hsb' on input line 1372.
Package xcolor Info: Model `HSB' substituted by `hsb' on input line 1373.
Package xcolor Info: Model `Gray' substituted by `gray' on input line 1374.
Package xcolor Info: Model `wave' substituted by `hsb' on input line 1375.
)
(/usr/share/texlive/texmf-dist/tex/latex/graphics/lscape.sty
Package: lscape 2020/05/28 v3.02 Landscape Pages (DPC)
)
(/usr/share/texlive/texmf-dist/tex/latex/glossaries/base/glossaries.sty
Package: glossaries 2021/11/01 v4.49 (NLCT)

(/usr/share/texlive/texmf-dist/tex/latex/base/ifthen.sty
Package: ifthen 2020/11/24 v1.1c Standard LaTeX ifthen package (DPC)
)
(/usr/share/texlive/texmf-dist/tex/latex/xkeyval/xkeyval.sty
Package: xkeyval 2020/11/20 v2.8 package option processing (HA)

(/usr/share/texlive/texmf-dist/tex/generic/xkeyval/xkeyval.tex
(/usr/share/texlive/texmf-dist/tex/generic/xkeyval/xkvutils.tex
\XKV@toks=\toks26
\XKV@tempa@toks=\toks27
)
\XKV@depth=\count341
File: xkeyval.tex 2014/12/03 v2.7a key=value parser (HA)
))
(/usr/share/texlive/texmf-dist/tex/latex/mfirstuc/mfirstuc.sty
Package: mfirstuc 2021/10/15 v2.07 (NLCT)
\@glsmfirst=\toks28
\@glsmrest=\toks29
)
(/usr/share/texlive/texmf-dist/tex/latex/textcase/textcase.sty
Package: textcase 2019/09/14 v1.00 Text only upper/lower case changing (DPC)
)
(/usr/share/texlive/texmf-dist/tex/latex/xfor/xfor.sty
Package: xfor 2009/02/05 v1.05 (NLCT)
)
(/usr/share/texlive/texmf-dist/tex/latex/datatool/datatool-base.sty
Package: datatool-base 2019/09/27 v2.32 (NLCT)

(/usr/share/texlive/texmf-dist/tex/latex/amsmath/amsmath.sty
Package: amsmath 2021/10/15 v2.17l AMS math features
\@mathmargin=\skip87

For additional information on amsmath, use the `?' option.
(/usr/share/texlive/texmf-dist/tex/latex/amsmath/amstext.sty
Package: amstext 2021/08/26 v2.01 AMS text

(/usr/share/texlive/texmf-dist/tex/latex/amsmath/amsgen.sty
File: amsgen.sty 1999/11/30 v2.0 generic functions
\@emptytoks=\toks30
\ex@=\dimen187
))
(/usr/share/texlive/texmf-dist/tex/latex/amsmath/amsbsy.sty
Package: amsbsy 1999/11/29 v1.2d Bold Symbols
\pmbraise@=\dimen188
)
(/usr/share/texlive/texmf-dist/tex/latex/amsmath/amsopn.sty
Package: amsopn 2021/08/26 v2.02 operator names
)
\inf@bad=\count342
LaTeX Info: Redefining \frac on input line 234.
\uproot@=\count343
\leftroot@=\count344
LaTeX Info: Redefining \overline on input line 399.
\classnum@=\count345
\DOTSCASE@=\count346
LaTeX Info: Redefining \ldots on input line 496.
LaTeX Info: Redefining \dots on input line 499.
LaTeX Info: Redefining \cdots on input line 620.
\Mathstrutbox@=\box113
\strutbox@=\box114
\big@size=\dimen189
LaTeX Font Info:    Redeclaring font encoding OML on input line 743.
LaTeX Font Info:    Redeclaring font encoding OMS on input line 744.
\macc@depth=\count347
\c@MaxMatrixCols=\count348
\dotsspace@=\muskip17
\c@parentequation=\count349
\dspbrk@lvl=\count350
\tag@help=\toks31
\row@=\count351
\column@=\count352
\maxfields@=\count353
\andhelp@=\toks32
\eqnshift@=\dimen190
\alignsep@=\dimen191
\tagshift@=\dimen192
\tagwidth@=\dimen193
\totwidth@=\dimen194
\lineht@=\dimen195
\@envbody=\toks33
\multlinegap=\skip88
\multlinetaggap=\skip89
\mathdisplay@stack=\toks34
LaTeX Info: Redefining \[ on input line 2938.
LaTeX Info: Redefining \] on input line 2939.
)
(/usr/share/texlive/texmf-dist/tex/latex/substr/substr.sty
Package: substr 2009/10/20 v1.2 Handle substrings
\c@su@anzahl=\count354
)
(/usr/share/texlive/texmf-dist/tex/latex/datatool/datatool-fp.sty
Package: datatool-fp 2019/09/27 v2.32 (NLCT)

(/usr/share/texlive/texmf-dist/tex/latex/fp/fp.sty
Package: fp 1995/04/02

`Fixed Point Package', Version 0.8, April 2, 1995 (C) Michael Mehlich
(/usr/share/texlive/texmf-dist/tex/latex/fp/defpattern.sty
Package: defpattern 1994/10/12
\actioncount=\count355
)
(/usr/share/texlive/texmf-dist/tex/latex/fp/fp-basic.sty
Package: fp-basic 1996/05/13
\FP@xs=\count356
\FP@xia=\count357
\FP@xib=\count358
\FP@xfa=\count359
\FP@xfb=\count360
\FP@rega=\count361
\FP@regb=\count362
\FP@regs=\count363
\FP@times=\count364
)
(/usr/share/texlive/texmf-dist/tex/latex/fp/fp-addons.sty
Package: fp-addons 1995/03/15
)
(/usr/share/texlive/texmf-dist/tex/latex/fp/fp-snap.sty
Package: fp-snap 1995/04/05
)
(/usr/share/texlive/texmf-dist/tex/latex/fp/fp-exp.sty
Package: fp-exp 1995/04/03
)
(/usr/share/texlive/texmf-dist/tex/latex/fp/fp-trigo.sty
Package: fp-trigo 1995/04/14
)
(/usr/share/texlive/texmf-dist/tex/latex/fp/fp-pas.sty
Package: fp-pas 1994/08/29
)
(/usr/share/texlive/texmf-dist/tex/latex/fp/fp-random.sty
Package: fp-random 1995/02/23
\FPseed=\count365
)
(/usr/share/texlive/texmf-dist/tex/latex/fp/fp-eqn.sty
Package: fp-eqn 1995/04/03
)
(/usr/share/texlive/texmf-dist/tex/latex/fp/fp-upn.sty
Package: fp-upn 1996/10/21
)
(/usr/share/texlive/texmf-dist/tex/latex/fp/fp-eval.sty
Package: fp-eval 1995/04/03
)))
\@dtl@toks=\toks35
\@dtl@tmpcount=\count366
\dtl@tmplength=\skip90
\dtl@sortresult=\count367
\@dtl@numgrpsepcount=\count368
\@dtl@datatype=\count369
\dtl@codeA=\count370
\dtl@codeB=\count371
\@dtl@foreach@level=\count372
)
(/usr/share/texlive/texmf-dist/tex/latex/glossaries/base/glossaries-compatible-
307.sty
Package: glossaries-compatible-307 2021/11/01 v4.49 (NLCT)
) (/usr/share/texlive/texmf-dist/tex/latex/tracklang/tracklang.sty
Package: tracklang 2020/06/30 v1.5 (NLCT) Track Languages

(/usr/share/texlive/texmf-dist/tex/generic/tracklang/tracklang.tex))
(/usr/share/texlive/texmf-dist/tex/latex/translator/translator.sty
Package: translator 2021-05-31 v1.12d Easy translation of strings in LaTeX
)
(/usr/share/texlive/texmf-dist/tex/latex/glossaries-german/glossaries-german.ld
f
File: glossaries-german.ldf 2014/11/23 v1.0
)
(/usr/share/texlive/texmf-dist/tex/latex/glossaries-english/glossaries-english.
ldf
File: glossaries-english.ldf 2014/11/23 v1.0
)
\gls@level=\count373
\@gls@tmpb=\toks36
\gls@tmplen=\skip91
\glskeylisttok=\toks37
\glslabeltok=\toks38
\glsshorttok=\toks39
\glslongtok=\toks40

(/usr/share/texlive/texmf-dist/tex/latex/glossaries/styles/glossary-hypernav.st
y
Package: glossary-hypernav 2021/11/01 v4.49 (NLCT)
) (/usr/share/texlive/texmf-dist/tex/latex/glossaries/styles/glossary-list.sty
Package: glossary-list 2021/11/01 v4.49 (NLCT)
\glslistdottedwidth=\skip92
) (/usr/share/texlive/texmf-dist/tex/latex/glossaries/styles/glossary-long.sty
Package: glossary-long 2021/11/01 v4.49 (NLCT)
\glsdescwidth=\skip93
\glspagelistwidth=\skip94
) (/usr/share/texlive/texmf-dist/tex/latex/glossaries/styles/glossary-super.sty
Package: glossary-super 2021/11/01 v4.49 (NLCT)

(/usr/share/texlive/texmf-dist/tex/latex/supertabular/supertabular.sty
Package: supertabular 2020/02/02 v4.1g the supertabular environment
\c@tracingst=\count374
\ST@wd=\dimen196
\ST@rightskip=\skip95
\ST@leftskip=\skip96
\ST@parfillskip=\skip97
\ST@pageleft=\dimen197
\ST@headht=\dimen198
\ST@tailht=\dimen199
\ST@pagesofar=\dimen256
\ST@pboxht=\dimen257
\ST@lineht=\dimen258
\ST@prevht=\dimen259
\ST@toadd=\dimen260
\ST@dimen=\dimen261
\ST@pbox=\box115
))
(/usr/share/texlive/texmf-dist/tex/latex/glossaries/styles/glossary-tree.sty
Package: glossary-tree 2021/11/01 v4.49 (NLCT)
\glstreeindent=\skip98
))
(/usr/share/texlive/texmf-dist/tex/latex/base/textcomp.sty
Package: textcomp 2020/02/02 v2.0n Standard LaTeX package
)
(/usr/share/texlive/texmf-dist/tex/latex/graphics/rotating.sty
Package: rotating 2016/08/11 v2.16d rotated objects in LaTeX
\c@r@tfl@t=\count375
\rotFPtop=\skip99
\rotFPbot=\skip100
\rot@float@box=\box116
\rot@mess@toks=\toks41
)
(/usr/share/texlive/texmf-dist/tex/latex/pdflscape/pdflscape.sty
Package: pdflscape 2019/12/05 v0.12 Display of landscape pages in PDF (HO)
Package pdflscape Info: Auto-detected driver: pdftex on input line 81.
)
(./content/glossary/glossary.tex)
(/usr/share/texlive/texmf-dist/tex/latex/enumitem/enumitem.sty
Package: enumitem 2019/06/20 v3.9 Customized lists
\labelindent=\skip101
\enit@outerparindent=\dimen262
\enit@toks=\toks42
\enit@inbox=\box117
\enit@count@id=\count376
\enitdp@description=\count377
)
(/usr/share/texlive/texmf-dist/tex/latex/listings/listings.sty
\lst@mode=\count378
\lst@gtempboxa=\box118
\lst@token=\toks43
\lst@length=\count379
\lst@currlwidth=\dimen263
\lst@column=\count380
\lst@pos=\count381
\lst@lostspace=\dimen264
\lst@width=\dimen265
\lst@newlines=\count382
\lst@lineno=\count383
\lst@maxwidth=\dimen266

(/usr/share/texlive/texmf-dist/tex/latex/listings/lstmisc.sty
File: lstmisc.sty 2020/03/24 1.8d (Carsten Heinz)
\c@lstnumber=\count384
\lst@skipnumbers=\count385
\lst@framebox=\box119
)
(/usr/share/texlive/texmf-dist/tex/latex/listings/listings.cfg
File: listings.cfg 2020/03/24 1.8d listings configuration
))
Package: listings 2020/03/24 1.8d (Carsten Heinz)

(/usr/share/texlive/texmf-dist/tex/latex/csquotes/csquotes.sty
Package: csquotes 2021-02-22 v5.2l context-sensitive quotations (JAW)
\csq@reset=\count386
\csq@gtype=\count387
\csq@glevel=\count388
\csq@qlevel=\count389
\csq@maxlvl=\count390
\csq@tshold=\count391
\csq@ltx@everypar=\toks44

(/usr/share/texlive/texmf-dist/tex/latex/csquotes/csquotes.def
File: csquotes.def 2021-02-22 v5.2l csquotes generic definitions (JAW)
)
Package csquotes Info: Trying to load configuration file 'csquotes.cfg'...
Package csquotes Info: ... configuration file loaded successfully.

(/usr/share/texlive/texmf-dist/tex/latex/csquotes/csquotes.cfg
File: csquotes.cfg 
))
(/usr/share/texlive/texmf-dist/tex/latex/biblatex/biblatex.sty
Package: biblatex 2022/02/02 v3.17 programmable bibliographies (PK/MW)

(/usr/share/texlive/texmf-dist/tex/latex/logreq/logreq.sty
Package: logreq 2010/08/04 v1.0 xml request logger
\lrq@indent=\count392

(/usr/share/texlive/texmf-dist/tex/latex/logreq/logreq.def
File: logreq.def 2010/08/04 v1.0 logreq spec v1.0
))
\c@tabx@nest=\count393
\c@listtotal=\count394
\c@listcount=\count395
\c@liststart=\count396
\c@liststop=\count397
\c@citecount=\count398
\c@citetotal=\count399
\c@multicitecount=\count400
\c@multicitetotal=\count401
\c@instcount=\count402
\c@maxnames=\count403
\c@minnames=\count404
\c@maxitems=\count405
\c@minitems=\count406
\c@citecounter=\count407
\c@maxcitecounter=\count408
\c@savedcitecounter=\count409
\c@uniquelist=\count410
\c@uniquename=\count411
\c@refsection=\count412
\c@refsegment=\count413
\c@maxextratitle=\count414
\c@maxextratitleyear=\count415
\c@maxextraname=\count416
\c@maxextradate=\count417
\c@maxextraalpha=\count418
\c@abbrvpenalty=\count419
\c@highnamepenalty=\count420
\c@lownamepenalty=\count421
\c@maxparens=\count422
\c@parenlevel=\count423
\blx@tempcnta=\count424
\blx@tempcntb=\count425
\blx@tempcntc=\count426
\c@blx@maxsection=\count427
\c@blx@maxsegment@0=\count428
\blx@notetype=\count429
\blx@parenlevel@text=\count430
\blx@parenlevel@foot=\count431
\c@blx@sectionciteorder@0=\count432
\blx@entrysetcounter=\count433
\blx@biblioinstance=\count434
\labelnumberwidth=\skip102
\labelalphawidth=\skip103
\biblabelsep=\skip104
\bibitemsep=\skip105
\bibnamesep=\skip106
\bibinitsep=\skip107
\bibparsep=\skip108
\bibhang=\skip109
\blx@bcfin=\read3
\blx@bcfout=\write3
\blx@langwohyphens=\language88
\c@mincomprange=\count435
\c@maxcomprange=\count436
\c@mincompwidth=\count437
Package biblatex Info: Trying to load biblatex default data model...
Package biblatex Info: ... file 'blx-dm.def' found.

(/usr/share/texlive/texmf-dist/tex/latex/biblatex/blx-dm.def
File: blx-dm.def 2022/02/02 v3.17 biblatex localization (PK/MW)
)
Package biblatex Info: Trying to load biblatex style data model...
Package biblatex Info: ... file 'numeric.dbx' not found.
Package biblatex Info: Trying to load biblatex custom data model...
Package biblatex Info: ... file 'biblatex-dm.cfg' not found.
\c@afterword=\count438
\c@savedafterword=\count439
\c@annotator=\count440
\c@savedannotator=\count441
\c@author=\count442
\c@savedauthor=\count443
\c@bookauthor=\count444
\c@savedbookauthor=\count445
\c@commentator=\count446
\c@savedcommentator=\count447
\c@editor=\count448
\c@savededitor=\count449
\c@editora=\count450
\c@savededitora=\count451
\c@editorb=\count452
\c@savededitorb=\count453
\c@editorc=\count454
\c@savededitorc=\count455
\c@foreword=\count456
\c@savedforeword=\count457
\c@holder=\count458
\c@savedholder=\count459
\c@introduction=\count460
\c@savedintroduction=\count461
\c@namea=\count462
\c@savednamea=\count463
\c@nameb=\count464
\c@savednameb=\count465
\c@namec=\count466
\c@savednamec=\count467
\c@translator=\count468
\c@savedtranslator=\count469
\c@shortauthor=\count470
\c@savedshortauthor=\count471
\c@shorteditor=\count472
\c@savedshorteditor=\count473
\c@labelname=\count474
\c@savedlabelname=\count475
\c@institution=\count476
\c@savedinstitution=\count477
\c@lista=\count478
\c@savedlista=\count479
\c@listb=\count480
\c@savedlistb=\count481
\c@listc=\count482
\c@savedlistc=\count483
\c@listd=\count484
\c@savedlistd=\count485
\c@liste=\count486
\c@savedliste=\count487
\c@listf=\count488
\c@savedlistf=\count489
\c@location=\count490
\c@savedlocation=\count491
\c@organization=\count492
\c@savedorganization=\count493
\c@origlocation=\count494
\c@savedoriglocation=\count495
\c@origpublisher=\count496
\c@savedorigpublisher=\count497
\c@publisher=\count498
\c@savedpublisher=\count499
\c@language=\count500
\c@savedlanguage=\count501
\c@origlanguage=\count502
\c@savedoriglanguage=\count503
\c@pageref=\count504
\c@savedpageref=\count505
\shorthandwidth=\skip110
\shortjournalwidth=\skip111
\shortserieswidth=\skip112
\shorttitlewidth=\skip113
\shortauthorwidth=\skip114
\shorteditorwidth=\skip115
\locallabelnumberwidth=\skip116
\locallabelalphawidth=\skip117
\localshorthandwidth=\skip118
\localshortjournalwidth=\skip119
\localshortserieswidth=\skip120
\localshorttitlewidth=\skip121
\localshortauthorwidth=\skip122
\localshorteditorwidth=\skip123
Package biblatex Info: Trying to load compatibility code...
Package biblatex Info: ... file 'blx-compat.def' found.

(/usr/share/texlive/texmf-dist/tex/latex/biblatex/blx-compat.def
File: blx-compat.def 2022/02/02 v3.17 biblatex compatibility (PK/MW)
)
Package biblatex Info: Trying to load generic definitions...
Package biblatex Info: ... file 'biblatex.def' found.

(/usr/share/texlive/texmf-dist/tex/latex/biblatex/biblatex.def
File: biblatex.def 2022/02/02 v3.17 biblatex compatibility (PK/MW)
\c@textcitecount=\count506
\c@textcitetotal=\count507
\c@textcitemaxnames=\count508
\c@biburlbigbreakpenalty=\count509
\c@biburlbreakpenalty=\count510
\c@biburlnumpenalty=\count511
\c@biburlucpenalty=\count512
\c@biburllcpenalty=\count513
\biburlbigskip=\muskip18
\biburlnumskip=\muskip19
\biburlucskip=\muskip20
\biburllcskip=\muskip21
\c@smartand=\count514
)
Package biblatex Info: Trying to load natbib compatibility...
Package biblatex Info: ... file 'blx-natbib.def' found.

(/usr/share/texlive/texmf-dist/tex/latex/biblatex/blx-natbib.def
File: blx-natbib.def 2022/02/02 v3.17 biblatex compatibility (PK/MW)
Package biblatex Info: Delimiter 'nameyeardelim' in context '' already defined,
 overwriting.
)
Package biblatex Info: Trying to load bibliography style 'numeric'...
Package biblatex Info: ... file 'numeric.bbx' found.

(/usr/share/texlive/texmf-dist/tex/latex/biblatex/bbx/numeric.bbx
File: numeric.bbx 2022/02/02 v3.17 biblatex bibliography style (PK/MW)
Package biblatex Info: Trying to load bibliography style 'standard'...
Package biblatex Info: ... file 'standard.bbx' found.

(/usr/share/texlive/texmf-dist/tex/latex/biblatex/bbx/standard.bbx
File: standard.bbx 2022/02/02 v3.17 biblatex bibliography style (PK/MW)
\c@bbx:relatedcount=\count515
\c@bbx:relatedtotal=\count516
))
Package biblatex Info: Trying to load citation style 'numeric'...
Package biblatex Info: ... file 'numeric.cbx' found.

(/usr/share/texlive/texmf-dist/tex/latex/biblatex/cbx/numeric.cbx
File: numeric.cbx 2022/02/02 v3.17 biblatex citation style (PK/MW)
Package biblatex Info: Redefining '\cite'.
Package biblatex Info: Redefining '\parencite'.
Package biblatex Info: Redefining '\footcite'.
Package biblatex Info: Redefining '\footcitetext'.
Package biblatex Info: Redefining '\smartcite'.
Package biblatex Info: Redefining '\supercite'.
Package biblatex Info: Redefining '\textcite'.
Package biblatex Info: Redefining '\textcites'.
Package biblatex Info: Redefining '\cites'.
Package biblatex Info: Redefining '\parencites'.
Package biblatex Info: Redefining '\smartcites'.
)
Package biblatex Info: Trying to load configuration file...
Package biblatex Info: ... file 'biblatex.cfg' found.

(/usr/share/texlive/texmf-dist/tex/latex/biblatex/biblatex.cfg
File: biblatex.cfg 
)
Package biblatex Info: Input encoding 'utf8' detected.
Package biblatex Info: Document encoding is UTF8 ....

(/usr/share/texlive/texmf-dist/tex/latex/l3kernel/expl3.sty
Package: expl3 2022-01-21 L3 programming layer (loader) 

(/usr/share/texlive/texmf-dist/tex/latex/l3backend/l3backend-pdftex.def
File: l3backend-pdftex.def 2022-01-12 L3 backend support: PDF output (pdfTeX)
\l__color_backend_stack_int=\count517
\l__pdf_internal_box=\box120
))
Package biblatex Info: ... and expl3
(biblatex)             2022-01-21 L3 programming layer (loader) 
(biblatex)             is new enough (at least 2020/04/06),
(biblatex)             setting 'casechanger=expl3'.

(/usr/share/texlive/texmf-dist/tex/latex/biblatex/blx-case-expl3.sty
(/usr/share/texlive/texmf-dist/tex/latex/l3packages/xparse/xparse.sty
Package: xparse 2022-01-12 L3 Experimental document command parser
)
Package: blx-case-expl3 2022/02/02 v3.17 expl3 case changing code for biblatex
))

Package geometry Warning: Over-specification in `h'-direction.
    `width' (227.62204pt) is ignored.

Package csquotes Info: Checking for multilingual support...
Package csquotes Info: ... found 'babel' package.
Package csquotes Info: Adjusting default style.
Package csquotes Info: Redefining alias 'default' -> 'ngerman'.
LaTeX Font Info:    Trying to load font information for T1+phv on input line 12
4.
(/usr/share/texlive/texmf-dist/tex/latex/psnfss/t1phv.fd
File: t1phv.fd 2020/03/25 scalable font definitions for T1/phv.
)
(/home/ibw/LaTex/Diplomarbeit/out/Diplomarbeit_Michael_Graber.aux)
\openout1 = `Diplomarbeit_Michael_Graber.aux'.

LaTeX Font Info:    Checking defaults for OML/cmm/m/it on input line 124.
LaTeX Font Info:    ... okay on input line 124.
LaTeX Font Info:    Checking defaults for OMS/cmsy/m/n on input line 124.
LaTeX Font Info:    ... okay on input line 124.
LaTeX Font Info:    Checking defaults for OT1/cmr/m/n on input line 124.
LaTeX Font Info:    ... okay on input line 124.
LaTeX Font Info:    Checking defaults for T1/cmr/m/n on input line 124.
LaTeX Font Info:    ... okay on input line 124.
LaTeX Font Info:    Checking defaults for TS1/cmr/m/n on input line 124.
LaTeX Font Info:    ... okay on input line 124.
LaTeX Font Info:    Checking defaults for OMX/cmex/m/n on input line 124.
LaTeX Font Info:    ... okay on input line 124.
LaTeX Font Info:    Checking defaults for U/cmr/m/n on input line 124.
LaTeX Font Info:    ... okay on input line 124.
LaTeX Font Info:    Checking defaults for PD1/pdf/m/n on input line 124.
LaTeX Font Info:    ... okay on input line 124.
LaTeX Font Info:    Checking defaults for PU/pdf/m/n on input line 124.
LaTeX Font Info:    ... okay on input line 124.

(/usr/share/texlive/texmf-dist/tex/context/base/mkii/supp-pdf.mkii
[Loading MPS to PDF converter (version 2006.09.02).]
\scratchcounter=\count518
\scratchdimen=\dimen267
\scratchbox=\box121
\nofMPsegments=\count519
\nofMParguments=\count520
\everyMPshowfont=\toks45
\MPscratchCnt=\count521
\MPscratchDim=\dimen268
\MPnumerator=\count522
\makeMPintoPDFobject=\count523
\everyMPtoPDFconversion=\toks46
) (/usr/share/texlive/texmf-dist/tex/latex/epstopdf-pkg/epstopdf-base.sty
Package: epstopdf-base 2020-01-24 v2.11 Base part for package epstopdf
Package epstopdf-base Info: Redefining graphics rule for `.eps' on input line 4
85.

(/usr/share/texlive/texmf-dist/tex/latex/latexconfig/epstopdf-sys.cfg
File: epstopdf-sys.cfg 2010/07/13 v1.3 Configuration of (r)epstopdf for TeX Liv
e
))
*geometry* driver: auto-detecting
*geometry* detected driver: pdftex
*geometry* verbose mode - [ preamble ] result:
* driver: pdftex
* paper: <default>
* layout: <same size as paper>
* layoutoffset:(h,v)=(0.0pt,0.0pt)
* modes: includehead includefoot 
* h-part:(L,W,R)=(56.9055pt, 483.69693pt, 56.9055pt)
* v-part:(T,H,B)=(35.56593pt, 752.5755pt, 56.9055pt)
* \paperwidth=597.50793pt
* \paperheight=845.04694pt
* \textwidth=483.69693pt
* \textheight=672.77005pt
* \oddsidemargin=-15.36449pt
* \evensidemargin=-15.36449pt
* \topmargin=-36.70406pt
* \headheight=40.0pt
* \headsep=0.0pt
* \topskip=11.0pt
* \footskip=39.80545pt
* \marginparwidth=85.35826pt
* \marginparsep=12.8401pt
* \columnsep=10.0pt
* \skip\footins=3.38597pt
* \hoffset=0.0pt
* \voffset=0.0pt
* \mag=1000
* \@twocolumnfalse
* \@twosidefalse
* \@mparswitchfalse
* \@reversemarginfalse
* (1in=72.27pt=25.4mm, 1cm=28.453pt)

Package hyperref Info: Link coloring OFF on input line 124.
(/usr/share/texlive/texmf-dist/tex/latex/hyperref/nameref.sty
Package: nameref 2021-04-02 v2.47 Cross-referencing by name of section

(/usr/share/texlive/texmf-dist/tex/latex/refcount/refcount.sty
Package: refcount 2019/12/15 v3.6 Data extraction from label references (HO)
)
(/usr/share/texlive/texmf-dist/tex/generic/gettitlestring/gettitlestring.sty
Package: gettitlestring 2019/12/15 v1.6 Cleanup title references (HO)
)
\c@section@level=\count524
)
LaTeX Info: Redefining \ref on input line 124.
LaTeX Info: Redefining \pageref on input line 124.
LaTeX Info: Redefining \nameref on input line 124.

(/home/ibw/LaTex/Diplomarbeit/out/Diplomarbeit_Michael_Graber.out)
(/home/ibw/LaTex/Diplomarbeit/out/Diplomarbeit_Michael_Graber.out)
\@outlinefile=\write4
\openout4 = `Diplomarbeit_Michael_Graber.out'.

Class scrreprt Info: loading recommended package `bookmark'.
(scrreprt)           Using `bookmark' together with `hyperref' is recommended,
(scrreprt)           because of handling of possible bookmark level gaps.
(scrreprt)           You can avoid loading `bookmark' with KOMA-Script option
(scrreprt)           `bookmarkpackage=false' before \begin{document} and
(scrreprt)           you can avoid this message adding:
(scrreprt)             \usepackage{bookmark}
(scrreprt)           before \begin{document} on input line 124.

(/usr/share/texlive/texmf-dist/tex/latex/bookmark/bookmark.sty
Package: bookmark 2020-11-06 v1.29 PDF bookmarks (HO)

(/usr/share/texlive/texmf-dist/tex/latex/bookmark/bkm-pdftex.def
File: bkm-pdftex.def 2020-11-06 v1.29 bookmark driver for pdfTeX (HO)
\BKM@id=\count525
))
\c@lstlisting=\count526
Package biblatex Info: Trying to load language 'ngerman'...
Package biblatex Info: ... file 'ngerman.lbx' found.

(/usr/share/texlive/texmf-dist/tex/latex/biblatex/lbx/ngerman.lbx
File: ngerman.lbx 2022/02/02 v3.17 biblatex localization (PK/MW)
Package biblatex Info: Trying to load language 'german'...
Package biblatex Info: ... file 'german.lbx' found.

(/usr/share/texlive/texmf-dist/tex/latex/biblatex/lbx/german.lbx
File: german.lbx 2022/02/02 v3.17 biblatex localization (PK/MW)
)
Package biblatex Info: Trying to load language 'german'...
Package biblatex Info: ... file 'german.lbx' found.

(/usr/share/texlive/texmf-dist/tex/latex/biblatex/lbx/german.lbx
File: german.lbx 2022/02/02 v3.17 biblatex localization (PK/MW)
))
Package biblatex Info: Trying to load language 'english'...
Package biblatex Info: ... file 'english.lbx' found.

(/usr/share/texlive/texmf-dist/tex/latex/biblatex/lbx/english.lbx
File: english.lbx 2022/02/02 v3.17 biblatex localization (PK/MW)
)
Package biblatex Info: Input encoding 'utf8' detected.
Package biblatex Info: Data encoding 'utf8' specified.
(biblatex)             No need to reencode data.
\openout3 = `Diplomarbeit_Michael_Graber.bcf'.

Package biblatex Info: Trying to load bibliographic data...
Package biblatex Info: ... file 'Diplomarbeit_Michael_Graber.bbl' found.

(/home/ibw/LaTex/Diplomarbeit/out/Diplomarbeit_Michael_Graber.bbl)
Package biblatex Info: Reference section=0 on input line 124.
Package biblatex Info: Reference segment=0 on input line 124.
<source/main/KSGR-Logo-2022.png, id=4, 156.585pt x 36.135pt>
File: source/main/KSGR-Logo-2022.png Graphic file (type png)
<use source/main/KSGR-Logo-2022.png>
Package pdftex.def Info: source/main/KSGR-Logo-2022.png  used on input line 149
.
(pdftex.def)             Requested size: 28.45274pt x 6.56577pt.
 [0



{/var/lib/texmf/fonts/map/pdftex/updmap/pdftex.map} <./source/main/KSGR-Logo-20
22.png>]
[1

] (/home/ibw/LaTex/Diplomarbeit/out/Diplomarbeit_Michael_Graber.toc [2

])
\tf@toc=\write5
\openout5 = `Diplomarbeit_Michael_Graber.toc'.


(./content/abbreviations/abbreviations.tex

LaTeX Font Warning: Font shape `T1/cmr/m/n' in size <11.5> not available
(Font)              size <12> substituted on input line 5.


LaTeX Font Warning: Font shape `T1/cmr/bx/n' in size <11.5> not available
(Font)              size <12> substituted on input line 5.

File: source/main/KSGR-Logo-2022.png Graphic file (type png)
<use source/main/KSGR-Logo-2022.png>
Package pdftex.def Info: source/main/KSGR-Logo-2022.png  used on input line 5.
(pdftex.def)             Requested size: 28.45274pt x 6.56577pt.
[3]) [4

] (./content/introduction/introduction.tex
chapter 1.

Class scrreprt Warning: \float@addtolists detected!
(scrreprt)              Implementation of \float@addtolist became
(scrreprt)              deprecated in KOMA-Script v3.01 2008/11/14 and
(scrreprt)              has been replaced by several more flexible
(scrreprt)              features of package `tocbasic`.
(scrreprt)              Since Version 3.12 support for deprecated
(scrreprt)              \float@addtolist interface has been
(scrreprt)              restricted to only some of the KOMA-Script
(scrreprt)              features and been removed from others.
(scrreprt)              Loading of package `scrhack' may help to
(scrreprt)              avoid this warning, if you are using a
(scrreprt)              a package that still implements the
(scrreprt)              deprecated \float@addtolist interface.

(./content/introduction/initial_situation/initial_situation.tex
<source/introduction/initial_situation/gr_spitalregionen.png, id=147, 630.10406
pt x 410.2828pt>
File: source/introduction/initial_situation/gr_spitalregionen.png Graphic file 
(type png)
<use source/introduction/initial_situation/gr_spitalregionen.png>
Package pdftex.def Info: source/introduction/initial_situation/gr_spitalregione
n.png  used on input line 14.
(pdftex.def)             Requested size: 483.69693pt x 314.95464pt.
<source/introduction/initial_situation/sg_wahlkreise.jpg, id=148, 821.0675pt x 
821.0675pt>
File: source/introduction/initial_situation/sg_wahlkreise.jpg Graphic file (typ
e jpg)
<use source/introduction/initial_situation/sg_wahlkreise.jpg>
Package pdftex.def Info: source/introduction/initial_situation/sg_wahlkreise.jp
g  used on input line 22.
(pdftex.def)             Requested size: 362.77269pt x 362.7617pt.
pdfTeX warning (ext4): destination with the same identifier (name{page.1}) has 
been already used, duplicate ignored
<to be read again> 
                   \relax 
l.26 
      [1

 <./source/introduction/initial_situation/gr_spitalregionen.png>]
<source/introduction/initial_situation/sg_spitalregionen.jpg, id=153, 395.4775p
t x 458.71375pt>
File: source/introduction/initial_situation/sg_spitalregionen.jpg Graphic file 
(type jpg)
<use source/introduction/initial_situation/sg_spitalregionen.jpg>
Package pdftex.def Info: source/introduction/initial_situation/sg_spitalregione
n.jpg  used on input line 30.
(pdftex.def)             Requested size: 241.84846pt x 280.52191pt.
File: source/main/KSGR-Logo-2022.png Graphic file (type png)
<use source/main/KSGR-Logo-2022.png>
Package pdftex.def Info: source/main/KSGR-Logo-2022.png  used on input line 34.

(pdftex.def)             Requested size: 28.45274pt x 6.56577pt.
pdfTeX warning (ext4): destination with the same identifier (name{page.2}) has 
been already used, duplicate ignored
<to be read again> 
                   \relax 
l.34 ...ion{Die ICT des Kantonsspital Graubnden}
                                                   [2 <./source/introduction/in
itial_situation/sg_wahlkreise.jpg>]
<source/introduction/initial_situation/Organigramm_KSGR.png, id=159, 1014.03844
pt x 682.80093pt>
File: source/introduction/initial_situation/Organigramm_KSGR.png Graphic file (
type png)
<use source/introduction/initial_situation/Organigramm_KSGR.png>
Package pdftex.def Info: source/introduction/initial_situation/Organigramm_KSGR
.png  used on input line 40.
(pdftex.def)             Requested size: 483.69693pt x 325.68823pt.
File: source/main/KSGR-Logo-2022.png Graphic file (type png)
<use source/main/KSGR-Logo-2022.png>
Package pdftex.def Info: source/main/KSGR-Logo-2022.png  used on input line 44.

(pdftex.def)             Requested size: 28.45274pt x 6.56577pt.
pdfTeX warning (ext4): destination with the same identifier (name{page.3}) has 
been already used, duplicate ignored
<to be read again> 
                   \relax 
l.44 
      [3 <./source/introduction/initial_situation/sg_spitalregionen.jpg>]
<source/introduction/initial_situation/Organigramm-D10.png, id=164, 722.7pt x 4
06.51875pt>
File: source/introduction/initial_situation/Organigramm-D10.png Graphic file (t
ype png)
<use source/introduction/initial_situation/Organigramm-D10.png>
Package pdftex.def Info: source/introduction/initial_situation/Organigramm-D10.
png  used on input line 55.
(pdftex.def)             Requested size: 483.69693pt x 272.0808pt.
File: source/main/KSGR-Logo-2022.png Graphic file (type png)
<use source/main/KSGR-Logo-2022.png>
Package pdftex.def Info: source/main/KSGR-Logo-2022.png  used on input line 59.

(pdftex.def)             Requested size: 28.45274pt x 6.56577pt.
pdfTeX warning (ext4): destination with the same identifier (name{page.4}) has 
been already used, duplicate ignored
<to be read again> 
                   \relax 
l.59 
      [4 <./source/introduction/initial_situation/Organigramm_KSGR.png>]
LaTeX Font Info:    Font shape `T1/phv/m/it' in size <10.95> not available
(Font)              Font shape `T1/phv/m/sl' tried instead on input line 77.
File: source/main/KSGR-Logo-2022.png Graphic file (type png)
<use source/main/KSGR-Logo-2022.png>
Package pdftex.def Info: source/main/KSGR-Logo-2022.png  used on input line 79.

(pdftex.def)             Requested size: 28.45274pt x 6.56577pt.

[5 <./source/introduction/initial_situation/Organigramm-D10.png>]
File: source/main/KSGR-Logo-2022.png Graphic file (type png)
<use source/main/KSGR-Logo-2022.png>
Package pdftex.def Info: source/main/KSGR-Logo-2022.png  used on input line 81.

(pdftex.def)             Requested size: 28.45274pt x 6.56577pt.
 [6]

LaTeX Warning: No positions in optional float specifier.
               Default added (so using `tbp') on input line 82.

File: source/main/KSGR-Logo-2022.png Graphic file (type png)
<use source/main/KSGR-Logo-2022.png>
Package pdftex.def Info: source/main/KSGR-Logo-2022.png  used on input line 107
.
(pdftex.def)             Requested size: 28.45274pt x 6.56577pt.
[7]
File: source/main/KSGR-Logo-2022.png Graphic file (type png)
<use source/main/KSGR-Logo-2022.png>
Package pdftex.def Info: source/main/KSGR-Logo-2022.png  used on input line 172
.
(pdftex.def)             Requested size: 28.45274pt x 6.56577pt.
 [8


]
LaTeX Font Info:    Trying to load font information for TS1+phv on input line 1
76.
 (/usr/share/texlive/texmf-dist/tex/latex/psnfss/ts1phv.fd
File: ts1phv.fd 2020/03/25 scalable font definitions for TS1/phv.
)
File: source/main/KSGR-Logo-2022.png Graphic file (type png)
<use source/main/KSGR-Logo-2022.png>
Package pdftex.def Info: source/main/KSGR-Logo-2022.png  used on input line 202
.
(pdftex.def)             Requested size: 28.45274pt x 6.56577pt.
 [9]

LaTeX Warning: No positions in optional float specifier.
               Default added (so using `tbp') on input line 203.

File: source/main/KSGR-Logo-2022.png Graphic file (type png)
<use source/main/KSGR-Logo-2022.png>
Package pdftex.def Info: source/main/KSGR-Logo-2022.png  used on input line 223
.
(pdftex.def)             Requested size: 28.45274pt x 6.56577pt.
[10]
<source/riskmatrix/riskmatrixproblem.png, id=289, 462.528pt x 346.896pt>
File: source/riskmatrix/riskmatrixproblem.png Graphic file (type png)
<use source/riskmatrix/riskmatrixproblem.png>
Package pdftex.def Info: source/riskmatrix/riskmatrixproblem.png  used on input
 line 227.
(pdftex.def)             Requested size: 483.69693pt x 362.79062pt.
<source/riskmatrix/Riskmatrixproblem-massnahmen.png, id=290, 462.528pt x 346.89
6pt>
File: source/riskmatrix/Riskmatrixproblem-massnahmen.png Graphic file (type png
)
<use source/riskmatrix/Riskmatrixproblem-massnahmen.png>
Package pdftex.def Info: source/riskmatrix/Riskmatrixproblem-massnahmen.png  us
ed on input line 247.
(pdftex.def)             Requested size: 483.69693pt x 362.79062pt.
) (./content/introduction/goals_benefits/goals_benefits.tex
File: source/main/KSGR-Logo-2022.png Graphic file (type png)
<use source/main/KSGR-Logo-2022.png>
Package pdftex.def Info: source/main/KSGR-Logo-2022.png  used on input line 3.
(pdftex.def)             Requested size: 28.45274pt x 6.56577pt.
 [11


 <./source/riskmatrix/riskmatrixproblem.png>]
File: source/main/KSGR-Logo-2022.png Graphic file (type png)
<use source/main/KSGR-Logo-2022.png>
Package pdftex.def Info: source/main/KSGR-Logo-2022.png  used on input line 7.
(pdftex.def)             Requested size: 28.45274pt x 6.56577pt.
 [12 <./source/riskmatrix/Riskmatrixproblem-massnahmen.png>]

LaTeX Warning: No positions in optional float specifier.
               Default added (so using `tbp') on input line 8.

File: source/main/KSGR-Logo-2022.png Graphic file (type png)
<use source/main/KSGR-Logo-2022.png>
Package pdftex.def Info: source/main/KSGR-Logo-2022.png  used on input line 28.

(pdftex.def)             Requested size: 28.45274pt x 6.56577pt.
[13]
File: source/main/KSGR-Logo-2022.png Graphic file (type png)
<use source/main/KSGR-Logo-2022.png>
Package pdftex.def Info: source/main/KSGR-Logo-2022.png  used on input line 33.

(pdftex.def)             Requested size: 28.45274pt x 6.56577pt.
 [14


]

LaTeX Warning: No positions in optional float specifier.
               Default added (so using `tbp') on input line 34.

File: source/main/KSGR-Logo-2022.png Graphic file (type png)
<use source/main/KSGR-Logo-2022.png>
Package pdftex.def Info: source/main/KSGR-Logo-2022.png  used on input line 54.

(pdftex.def)             Requested size: 28.45274pt x 6.56577pt.
[15]
File: source/main/KSGR-Logo-2022.png Graphic file (type png)
<use source/main/KSGR-Logo-2022.png>
Package pdftex.def Info: source/main/KSGR-Logo-2022.png  used on input line 63.

(pdftex.def)             Requested size: 28.45274pt x 6.56577pt.
 [16


]

LaTeX Warning: No positions in optional float specifier.
               Default added (so using `tbp') on input line 64.

File: source/main/KSGR-Logo-2022.png Graphic file (type png)
<use source/main/KSGR-Logo-2022.png>
Package pdftex.def Info: source/main/KSGR-Logo-2022.png  used on input line 87.

(pdftex.def)             Requested size: 28.45274pt x 6.56577pt.
[17]) (./content/introduction/dependencies/dependencis.tex
File: source/main/KSGR-Logo-2022.png Graphic file (type png)
<use source/main/KSGR-Logo-2022.png>
Package pdftex.def Info: source/main/KSGR-Logo-2022.png  used on input line 9.
(pdftex.def)             Requested size: 28.45274pt x 6.56577pt.
 [18


]

LaTeX Warning: No positions in optional float specifier.
               Default added (so using `tbp') on input line 10.

File: source/main/KSGR-Logo-2022.png Graphic file (type png)
<use source/main/KSGR-Logo-2022.png>
Package pdftex.def Info: source/main/KSGR-Logo-2022.png  used on input line 25.

(pdftex.def)             Requested size: 28.45274pt x 6.56577pt.
[19]) (./content/introduction/riskmanagement/riskmanagement.tex
<source/introduction/riskmanagement/swot_projekt.png, id=373, 1146.53343pt x 79
3.46437pt>
File: source/introduction/riskmanagement/swot_projekt.png Graphic file (type pn
g)
<use source/introduction/riskmanagement/swot_projekt.png>
Package pdftex.def Info: source/introduction/riskmanagement/swot_projekt.png  u
sed on input line 10.
(pdftex.def)             Requested size: 483.69693pt x 334.74196pt.
File: source/main/KSGR-Logo-2022.png Graphic file (type png)
<use source/main/KSGR-Logo-2022.png>
Package pdftex.def Info: source/main/KSGR-Logo-2022.png  used on input line 17.

(pdftex.def)             Requested size: 28.45274pt x 6.56577pt.
 [20


 <./source/introduction/riskmanagement/swot_projekt.png>]

LaTeX Warning: No positions in optional float specifier.
               Default added (so using `tbp') on input line 18.

File: source/main/KSGR-Logo-2022.png Graphic file (type png)
<use source/main/KSGR-Logo-2022.png>
Package pdftex.def Info: source/main/KSGR-Logo-2022.png  used on input line 38.

(pdftex.def)             Requested size: 28.45274pt x 6.56577pt.
[21]
<source/riskmatrix/riskmatrix-project.png, id=392, 462.528pt x 346.896pt>
File: source/riskmatrix/riskmatrix-project.png Graphic file (type png)
<use source/riskmatrix/riskmatrix-project.png>
Package pdftex.def Info: source/riskmatrix/riskmatrix-project.png  used on inpu
t line 43.
(pdftex.def)             Requested size: 483.69693pt x 362.79062pt.
<source/riskmatrix/Riskmatrix-project-massnahmen.png, id=393, 462.528pt x 346.8
96pt>
File: source/riskmatrix/Riskmatrix-project-massnahmen.png Graphic file (type pn
g)
<use source/riskmatrix/Riskmatrix-project-massnahmen.png>
Package pdftex.def Info: source/riskmatrix/Riskmatrix-project-massnahmen.png  u
sed on input line 51.
(pdftex.def)             Requested size: 483.69693pt x 362.79062pt.
) (./content/introduction/procedures_methods/procedures_methods.tex
File: source/main/KSGR-Logo-2022.png Graphic file (type png)
<use source/main/KSGR-Logo-2022.png>
Package pdftex.def Info: source/main/KSGR-Logo-2022.png  used on input line 3.
(pdftex.def)             Requested size: 28.45274pt x 6.56577pt.

[22


 <./source/riskmatrix/riskmatrix-project.png>])
(./content/introduction/projectmanagement/projectmanagement.tex))
(./content/implementation/implementation.tex
File: source/main/KSGR-Logo-2022.png Graphic file (type png)
<use source/main/KSGR-Logo-2022.png>
Package pdftex.def Info: source/main/KSGR-Logo-2022.png  used on input line 5.
(pdftex.def)             Requested size: 28.45274pt x 6.56577pt.
 [23 <./source/riskmatrix/Riskmatrix-project-massnahmen.png>]
chapter 2.
(./content/implementation/evaluation/evaluation.tex [24

]

LaTeX Warning: No positions in optional float specifier.
               Default added (so using `tbp') on input line 54.

File: source/main/KSGR-Logo-2022.png Graphic file (type png)
<use source/main/KSGR-Logo-2022.png>
Package pdftex.def Info: source/main/KSGR-Logo-2022.png  used on input line 89.

(pdftex.def)             Requested size: 28.45274pt x 6.56577pt.
[25])
(./content/implementation/construction_implementation/construction_implementati
on.tex) (./content/implementation/testing/testing.tex)
(./content/implementation/troubleshooting/troubleshooting.tex))
(./content/results/results.tex
File: source/main/KSGR-Logo-2022.png Graphic file (type png)
<use source/main/KSGR-Logo-2022.png>
Package pdftex.def Info: source/main/KSGR-Logo-2022.png  used on input line 5.
(pdftex.def)             Requested size: 28.45274pt x 6.56577pt.
 [26]
File: source/main/KSGR-Logo-2022.png Graphic file (type png)
<use source/main/KSGR-Logo-2022.png>
Package pdftex.def Info: source/main/KSGR-Logo-2022.png  used on input line 5.
(pdftex.def)             Requested size: 28.45274pt x 6.56577pt.
 [27]
chapter 3.
) (./content/appendix/appendix.tex [28

]
(/home/ibw/LaTex/Diplomarbeit/out/Diplomarbeit_Michael_Graber.lof)
\tf@lof=\write6
\openout6 = `Diplomarbeit_Michael_Graber.lof'.

 [29

]
(/home/ibw/LaTex/Diplomarbeit/out/Diplomarbeit_Michael_Graber.lot)
\tf@lot=\write7
\openout7 = `Diplomarbeit_Michael_Graber.lot'.

 [30

]
chapter without number
LaTeX Font Info:    Trying to load font information for T1+cmtt on input line 1
1.
(/usr/share/texlive/texmf-dist/tex/latex/base/t1cmtt.fd
File: t1cmtt.fd 2019/12/16 v2.5j Standard LaTeX font definitions
)
Overfull \hbox (5.66707pt too wide) in paragraph at lines 16--16
[]\T1/phv/m/n/10.95 Alexandre Cas-sen und Read the Docs. \T1/phv/m/sl/10.95 In-
tro-duc-ti-on ^^V Kee-pa-li-ved 1.2.15 do-cu-men-ta-ti-on\T1/phv/m/n/10.95 . []
$\T1/cmtt/m/n/10.95 https :
 []


Overfull \hbox (3.57588pt too wide) in paragraph at lines 16--16
[]\T1/phv/m/n/10.95 DB-Engines und so-li-dIT con-sul-ting & soft-wa-re de-ve-lo
p-ment gmbh. \T1/phv/m/sl/10.95 DB-Engines Ran-king\T1/phv/m/n/10.95 . []$\T1/c
mtt/m/n/10.95 https :
 []


Overfull \hbox (5.4305pt too wide) in paragraph at lines 16--16
\T1/phv/m/sl/10.95 DB-Engines En-zy-klo-p-die\T1/phv/m/n/10.95 . []$\T1/cmtt/m
/n/10.95 https : / / db -[] engines . com / de / article / relationale + Datenb
anken ?
 []

[31

]
Overfull \hbox (20.2541pt too wide) in paragraph at lines 16--16
[]\T1/phv/m/n/10.95 The Post-greS-QL Glo-bal De-ve-lop-ment Group. \T1/phv/m/sl
/10.95 25.1. Rou-ti-ne Va-cu-u-ming\T1/phv/m/n/10.95 . []$\T1/cmtt/m/n/10.95 ht
tps : / / www . postgresql .
 []


Overfull \hbox (19.01497pt too wide) in paragraph at lines 16--16
[]\T1/phv/m/n/10.95 Shiv Iyer und Mi-ner-vaDB. \T1/phv/m/sl/10.95 Post-greS-QL 
DBA Dai-ly Check-list\T1/phv/m/n/10.95 . []$\T1/cmtt/m/n/10.95 https : / / mine
rvadb . xyz / postgresql -[]
 []


Overfull \hbox (3.81825pt too wide) in paragraph at lines 16--16
[]\T1/phv/m/n/10.95 Pankaj Kus-h-wa-ha und Unit 3D North Point Hou-se. \T1/phv/
m/sl/10.95 POST-GRES-QL DA-TA-BA-SE MAIN-TE-NANCE.
 []


Overfull \hbox (0.6636pt too wide) in paragraph at lines 16--16
\T1/phv/m/sl/10.95 Rou-ti-ne backup of dai-ly da-ta-ba-se... | by Pan-kaj kus-h
-wa-ha | Me-di-um\T1/phv/m/n/10.95 . []$\T1/cmtt/m/n/10.95 https : / / pankajco
nnect .
 []

File: source/main/KSGR-Logo-2022.png Graphic file (type png)
<use source/main/KSGR-Logo-2022.png>
Package pdftex.def Info: source/main/KSGR-Logo-2022.png  used on input line 11.

(pdftex.def)             Requested size: 28.45274pt x 6.56577pt.
[32]
Overfull \hbox (10.89241pt too wide) in paragraph at lines 16--16
[]\T1/phv/m/n/10.95 Ed Reckers und SnapLo-gic Inc. \T1/phv/m/sl/10.95 Was ist d
ie Snowflake-Datenplattform? []$\T1/cmtt/m/n/10.95 https : / / www . snaplogic 
.
 []


Overfull \hbox (26.98697pt too wide) in paragraph at lines 16--16
[]\T1/phv/m/n/10.95 IONOS SE. \T1/phv/m/sl/10.95 Da-ten-bank-ma-na-ge-ment-sys-
tem (DBMS) er-klrt\T1/phv/m/n/10.95 . []$\T1/cmtt/m/n/10.95 https : / / www . 
ionos . de / digitalguide /
 []

File: source/main/KSGR-Logo-2022.png Graphic file (type png)
<use source/main/KSGR-Logo-2022.png>
Package pdftex.def Info: source/main/KSGR-Logo-2022.png  used on input line 16.

(pdftex.def)             Requested size: 28.45274pt x 6.56577pt.
[33]
Using TeX to sort glossary entries---this may take a while

Overfull \hbox (8.5543pt too wide) in paragraph at lines 17--17
[]\T1/phv/m/n/10.95 Ein Da-ta-ba-se Ma-na-ge-ment Sys-tem re-gelt und or-ga-ni-
siert die Da-ten-ba-sis ei-ner Da-ten-bank[43]..
 []

[34


]
File: source/main/KSGR-Logo-2022.png Graphic file (type png)
<use source/main/KSGR-Logo-2022.png>
Package pdftex.def Info: source/main/KSGR-Logo-2022.png  used on input line 17.

(pdftex.def)             Requested size: 28.45274pt x 6.56577pt.
 [35]
File: source/main/KSGR-Logo-2022.png Graphic file (type png)
<use source/main/KSGR-Logo-2022.png>
Package pdftex.def Info: source/main/KSGR-Logo-2022.png  used on input line 17.

(pdftex.def)             Requested size: 28.45274pt x 6.56577pt.
 [36]

LaTeX Warning: Reference `chap:Split-brain' on page 37 undefined on input line 
17.

File: source/main/KSGR-Logo-2022.png Graphic file (type png)
<use source/main/KSGR-Logo-2022.png>
Package pdftex.def Info: source/main/KSGR-Logo-2022.png  used on input line 17.

(pdftex.def)             Requested size: 28.45274pt x 6.56577pt.
[37]
File: source/main/KSGR-Logo-2022.png Graphic file (type png)
<use source/main/KSGR-Logo-2022.png>
Package pdftex.def Info: source/main/KSGR-Logo-2022.png  used on input line 18.

(pdftex.def)             Requested size: 28.45274pt x 6.56577pt.
 [38]

Class scrreprt Warning: You are using `\begin{appendix}...\end{appendix}'.
(scrreprt)              You should note, that `\appendix' is a mostly globally
(scrreprt)              working command not an enviroment with only local
(scrreprt)              effects. Therefore `\end{appendix}' will neither
(scrreprt)              switch back to normal section numbering nor finish
(scrreprt)              every other effect of `\begin{appendix}'.
(scrreprt)              Nevertheless, some effects may end with
(scrreprt)              `\end{appendix}' and the document may become
(scrreprt)              inconsistent.
(scrreprt)              Because of this, you should remove `\end{appendix}'
(scrreprt)              and replace `\begin{appendix}' by command
(scrreprt)              `\appendix' on input line 21.

[39

] (./content/appendix/rapport.tex) (./content/appendix/pgpoolII.tex
(/usr/share/texlive/texmf-dist/tex/latex/listings/lstlang1.sty
File: lstlang1.sty 2020/03/24 1.8d listings language file
)
(/usr/share/texlive/texmf-dist/tex/latex/listings/lstlang1.sty
File: lstlang1.sty 2020/03/24 1.8d listings language file
)
Package hyperref Info: bookmark level for unknown lstlisting defaults to 0 on i
nput line 9.
))
File: source/main/KSGR-Logo-2022.png Graphic file (type png)
<use source/main/KSGR-Logo-2022.png>
Package pdftex.def Info: source/main/KSGR-Logo-2022.png  used on input line 166
.
(pdftex.def)             Requested size: 28.45274pt x 6.56577pt.
 [40

]
(/home/ibw/LaTex/Diplomarbeit/out/Diplomarbeit_Michael_Graber.aux)

LaTeX Font Warning: Size substitutions with differences
(Font)              up to 0.5pt have occurred.


LaTeX Warning: There were undefined references.

Package rerunfilecheck Info: File `Diplomarbeit_Michael_Graber.out' has not cha
nged.
(rerunfilecheck)             Checksum: D41D8CD98F00B204E9800998ECF8427E;0.
Package logreq Info: Writing requests to 'Diplomarbeit_Michael_Graber.run.xml'.

\openout1 = `Diplomarbeit_Michael_Graber.run.xml'.

 ) 
Here is how much of TeX's memory you used:
 34873 strings out of 478287
 652870 string characters out of 5849289
 1756692 words of memory out of 5000000
 52322 multiletter control sequences out of 15000+600000
 499109 words of font info for 62 fonts, out of 8000000 for 9000
 1143 hyphenation exceptions out of 8191
 122i,19n,120p,10651b,3295s stack positions out of 5000i,500n,10000p,200000b,80000s
{/usr/share/texmf/fonts/enc/dvips/cm-super/cm-super-t1.enc}{/usr/share/texliv
e/texmf-dist/fonts/enc/dvips/base/8r.enc}</usr/share/texlive/texmf-dist/fonts/t
ype1/public/amsfonts/cm/cmmi10.pfb></usr/share/texlive/texmf-dist/fonts/type1/p
ublic/amsfonts/cm/cmr10.pfb></usr/share/texmf/fonts/type1/public/cm-super/sfbx1
200.pfb></usr/share/texmf/fonts/type1/public/cm-super/sftt0900.pfb></usr/share/
texmf/fonts/type1/public/cm-super/sftt1095.pfb></usr/share/texlive/texmf-dist/f
onts/type1/urw/helvetic/uhvb8a.pfb></usr/share/texlive/texmf-dist/fonts/type1/u
rw/helvetic/uhvr8a.pfb></usr/share/texlive/texmf-dist/fonts/type1/urw/helvetic/
uhvro8a.pfb>
Output written on /home/ibw/LaTex/Diplomarbeit/out/Diplomarbeit_Michael_Graber.
pdf (45 pages, 1198702 bytes).
PDF statistics:
 983 PDF objects out of 1000 (max. 8388607)
 893 compressed objects within 9 object streams
 183 named destinations out of 1000 (max. 500000)
 416 words of extra memory for PDF output out of 10000 (max. 10000000)

